{"D:\\projects\\qwer\\Heyoy-booking-backend\\src\\controllers\\userController.js": {"path":"D:\\projects\\qwer\\Heyoy-booking-backend\\src\\controllers\\userController.js","statementMap":{"0":{"start":{"line":3,"column":18},"end":{"line":23,"column":1}},"1":{"start":{"line":4,"column":4},"end":{"line":22,"column":5}},"2":{"start":{"line":5,"column":20},"end":{"line":5,"column":34}},"3":{"start":{"line":6,"column":23},"end":{"line":6,"column":40}},"4":{"start":{"line":8,"column":8},"end":{"line":13,"column":9}},"5":{"start":{"line":9,"column":12},"end":{"line":12,"column":15}},"6":{"start":{"line":15,"column":19},"end":{"line":15,"column":69}},"7":{"start":{"line":16,"column":8},"end":{"line":16,"column":42}},"8":{"start":{"line":18,"column":8},"end":{"line":21,"column":11}},"9":{"start":{"line":25,"column":20},"end":{"line":47,"column":1}},"10":{"start":{"line":26,"column":4},"end":{"line":46,"column":5}},"11":{"start":{"line":27,"column":17},"end":{"line":27,"column":29}},"12":{"start":{"line":28,"column":8},"end":{"line":34,"column":9}},"13":{"start":{"line":29,"column":12},"end":{"line":33,"column":15}},"14":{"start":{"line":35,"column":24},"end":{"line":35,"column":53}},"15":{"start":{"line":36,"column":8},"end":{"line":40,"column":11}},"16":{"start":{"line":42,"column":8},"end":{"line":45,"column":11}},"17":{"start":{"line":49,"column":23},"end":{"line":60,"column":1}},"18":{"start":{"line":50,"column":4},"end":{"line":59,"column":5}},"19":{"start":{"line":51,"column":19},"end":{"line":51,"column":27}},"20":{"start":{"line":52,"column":23},"end":{"line":52,"column":60}},"21":{"start":{"line":53,"column":8},"end":{"line":53,"column":46}},"22":{"start":{"line":55,"column":8},"end":{"line":58,"column":11}},"23":{"start":{"line":62,"column":21},"end":{"line":79,"column":1}},"24":{"start":{"line":63,"column":4},"end":{"line":78,"column":5}},"25":{"start":{"line":64,"column":19},"end":{"line":64,"column":27}},"26":{"start":{"line":65,"column":8},"end":{"line":70,"column":9}},"27":{"start":{"line":66,"column":12},"end":{"line":69,"column":15}},"28":{"start":{"line":71,"column":23},"end":{"line":71,"column":59}},"29":{"start":{"line":72,"column":8},"end":{"line":72,"column":46}},"30":{"start":{"line":74,"column":8},"end":{"line":77,"column":11}},"31":{"start":{"line":81,"column":23},"end":{"line":99,"column":1}},"32":{"start":{"line":82,"column":4},"end":{"line":98,"column":5}},"33":{"start":{"line":83,"column":17},"end":{"line":83,"column":29}},"34":{"start":{"line":85,"column":8},"end":{"line":90,"column":9}},"35":{"start":{"line":86,"column":12},"end":{"line":89,"column":15}},"36":{"start":{"line":91,"column":23},"end":{"line":91,"column":55}},"37":{"start":{"line":92,"column":8},"end":{"line":92,"column":46}},"38":{"start":{"line":94,"column":8},"end":{"line":97,"column":11}},"39":{"start":{"line":101,"column":19},"end":{"line":120,"column":1}},"40":{"start":{"line":102,"column":4},"end":{"line":119,"column":5}},"41":{"start":{"line":103,"column":21},"end":{"line":103,"column":35}},"42":{"start":{"line":104,"column":8},"end":{"line":113,"column":9}},"43":{"start":{"line":105,"column":25},"end":{"line":105,"column":65}},"44":{"start":{"line":106,"column":12},"end":{"line":106,"column":46}},"45":{"start":{"line":108,"column":25},"end":{"line":111,"column":13}},"46":{"start":{"line":112,"column":12},"end":{"line":112,"column":46}},"47":{"start":{"line":115,"column":8},"end":{"line":118,"column":11}},"48":{"start":{"line":122,"column":15},"end":{"line":140,"column":1}},"49":{"start":{"line":123,"column":4},"end":{"line":139,"column":5}},"50":{"start":{"line":124,"column":24},"end":{"line":124,"column":41}},"51":{"start":{"line":125,"column":8},"end":{"line":133,"column":9}},"52":{"start":{"line":126,"column":25},"end":{"line":126,"column":58}},"53":{"start":{"line":127,"column":12},"end":{"line":127,"column":46}},"54":{"start":{"line":129,"column":12},"end":{"line":132,"column":15}},"55":{"start":{"line":135,"column":8},"end":{"line":138,"column":11}},"56":{"start":{"line":142,"column":0},"end":{"line":150,"column":2}}},"fnMap":{"0":{"name":"(anonymous_0)","decl":{"start":{"line":3,"column":18},"end":{"line":3,"column":19}},"loc":{"start":{"line":3,"column":38},"end":{"line":23,"column":1}},"line":3},"1":{"name":"(anonymous_1)","decl":{"start":{"line":25,"column":20},"end":{"line":25,"column":21}},"loc":{"start":{"line":25,"column":40},"end":{"line":47,"column":1}},"line":25},"2":{"name":"(anonymous_2)","decl":{"start":{"line":49,"column":23},"end":{"line":49,"column":24}},"loc":{"start":{"line":49,"column":43},"end":{"line":60,"column":1}},"line":49},"3":{"name":"(anonymous_3)","decl":{"start":{"line":62,"column":21},"end":{"line":62,"column":22}},"loc":{"start":{"line":62,"column":41},"end":{"line":79,"column":1}},"line":62},"4":{"name":"(anonymous_4)","decl":{"start":{"line":81,"column":23},"end":{"line":81,"column":24}},"loc":{"start":{"line":81,"column":43},"end":{"line":99,"column":1}},"line":81},"5":{"name":"(anonymous_5)","decl":{"start":{"line":101,"column":19},"end":{"line":101,"column":20}},"loc":{"start":{"line":101,"column":39},"end":{"line":120,"column":1}},"line":101},"6":{"name":"(anonymous_6)","decl":{"start":{"line":122,"column":15},"end":{"line":122,"column":16}},"loc":{"start":{"line":122,"column":35},"end":{"line":140,"column":1}},"line":122}},"branchMap":{"0":{"loc":{"start":{"line":8,"column":8},"end":{"line":13,"column":9}},"type":"if","locations":[{"start":{"line":8,"column":8},"end":{"line":13,"column":9}},{"start":{},"end":{}}],"line":8},"1":{"loc":{"start":{"line":8,"column":12},"end":{"line":8,"column":31}},"type":"binary-expr","locations":[{"start":{"line":8,"column":12},"end":{"line":8,"column":18}},{"start":{"line":8,"column":22},"end":{"line":8,"column":31}}],"line":8},"2":{"loc":{"start":{"line":28,"column":8},"end":{"line":34,"column":9}},"type":"if","locations":[{"start":{"line":28,"column":8},"end":{"line":34,"column":9}},{"start":{},"end":{}}],"line":28},"3":{"loc":{"start":{"line":65,"column":8},"end":{"line":70,"column":9}},"type":"if","locations":[{"start":{"line":65,"column":8},"end":{"line":70,"column":9}},{"start":{},"end":{}}],"line":65},"4":{"loc":{"start":{"line":85,"column":8},"end":{"line":90,"column":9}},"type":"if","locations":[{"start":{"line":85,"column":8},"end":{"line":90,"column":9}},{"start":{},"end":{}}],"line":85},"5":{"loc":{"start":{"line":104,"column":8},"end":{"line":113,"column":9}},"type":"if","locations":[{"start":{"line":104,"column":8},"end":{"line":113,"column":9}},{"start":{"line":107,"column":15},"end":{"line":113,"column":9}}],"line":104},"6":{"loc":{"start":{"line":125,"column":8},"end":{"line":133,"column":9}},"type":"if","locations":[{"start":{"line":125,"column":8},"end":{"line":133,"column":9}},{"start":{"line":128,"column":15},"end":{"line":133,"column":9}}],"line":125}},"s":{"0":4,"1":0,"2":0,"3":0,"4":0,"5":0,"6":0,"7":0,"8":0,"9":4,"10":3,"11":3,"12":3,"13":1,"14":2,"15":1,"16":1,"17":4,"18":3,"19":3,"20":3,"21":2,"22":1,"23":4,"24":3,"25":3,"26":3,"27":1,"28":2,"29":1,"30":1,"31":4,"32":3,"33":3,"34":3,"35":1,"36":2,"37":1,"38":1,"39":4,"40":0,"41":0,"42":0,"43":0,"44":0,"45":0,"46":0,"47":0,"48":4,"49":0,"50":0,"51":0,"52":0,"53":0,"54":0,"55":0,"56":4},"f":{"0":0,"1":3,"2":3,"3":3,"4":3,"5":0,"6":0},"b":{"0":[0,0],"1":[0,0],"2":[1,2],"3":[1,2],"4":[1,2],"5":[0,0],"6":[0,0]},"_coverageSchema":"1a1c01bbd47fc00a2c39e90264f33305004495a9","hash":"4b6e38f673e9533f0891e5b43bef6ca8c97bf989"}
,"D:\\projects\\qwer\\Heyoy-booking-backend\\src\\models\\allcode.js": {"path":"D:\\projects\\qwer\\Heyoy-booking-backend\\src\\models\\allcode.js","statementMap":{"0":{"start":{"line":2,"column":18},"end":{"line":2,"column":38}},"1":{"start":{"line":3,"column":0},"end":{"line":36,"column":2}},"2":{"start":{"line":11,"column":12},"end":{"line":11,"column":91}},"3":{"start":{"line":12,"column":12},"end":{"line":12,"column":85}},"4":{"start":{"line":13,"column":12},"end":{"line":13,"column":93}},"5":{"start":{"line":15,"column":12},"end":{"line":15,"column":92}},"6":{"start":{"line":16,"column":12},"end":{"line":16,"column":98}},"7":{"start":{"line":17,"column":12},"end":{"line":17,"column":96}},"8":{"start":{"line":19,"column":12},"end":{"line":19,"column":99}},"9":{"start":{"line":20,"column":12},"end":{"line":20,"column":97}},"10":{"start":{"line":23,"column":4},"end":{"line":34,"column":6}},"11":{"start":{"line":35,"column":4},"end":{"line":35,"column":19}}},"fnMap":{"0":{"name":"(anonymous_0)","decl":{"start":{"line":3,"column":17},"end":{"line":3,"column":18}},"loc":{"start":{"line":3,"column":43},"end":{"line":36,"column":1}},"line":3},"1":{"name":"(anonymous_1)","decl":{"start":{"line":10,"column":8},"end":{"line":10,"column":9}},"loc":{"start":{"line":10,"column":33},"end":{"line":21,"column":9}},"line":10}},"branchMap":{},"s":{"0":4,"1":4,"2":4,"3":4,"4":4,"5":4,"6":4,"7":4,"8":4,"9":4,"10":4,"11":4},"f":{"0":4,"1":4},"b":{},"_coverageSchema":"1a1c01bbd47fc00a2c39e90264f33305004495a9","hash":"d1bc70f5ffbba40dae5d990038933bb353857679"}
,"D:\\projects\\qwer\\Heyoy-booking-backend\\src\\models\\booking.js": {"path":"D:\\projects\\qwer\\Heyoy-booking-backend\\src\\models\\booking.js","statementMap":{"0":{"start":{"line":2,"column":18},"end":{"line":2,"column":38}},"1":{"start":{"line":3,"column":0},"end":{"line":35,"column":2}},"2":{"start":{"line":11,"column":12},"end":{"line":11,"column":104}},"3":{"start":{"line":12,"column":12},"end":{"line":12,"column":101}},"4":{"start":{"line":13,"column":12},"end":{"line":13,"column":122}},"5":{"start":{"line":14,"column":12},"end":{"line":14,"column":120}},"6":{"start":{"line":16,"column":12},"end":{"line":16,"column":110}},"7":{"start":{"line":19,"column":4},"end":{"line":33,"column":6}},"8":{"start":{"line":34,"column":4},"end":{"line":34,"column":19}}},"fnMap":{"0":{"name":"(anonymous_0)","decl":{"start":{"line":3,"column":17},"end":{"line":3,"column":18}},"loc":{"start":{"line":3,"column":43},"end":{"line":35,"column":1}},"line":3},"1":{"name":"(anonymous_1)","decl":{"start":{"line":10,"column":8},"end":{"line":10,"column":9}},"loc":{"start":{"line":10,"column":33},"end":{"line":17,"column":9}},"line":10}},"branchMap":{},"s":{"0":4,"1":4,"2":4,"3":4,"4":4,"5":4,"6":4,"7":4,"8":4},"f":{"0":4,"1":4},"b":{},"_coverageSchema":"1a1c01bbd47fc00a2c39e90264f33305004495a9","hash":"48b2a1dbb3e88f5d666749a1b057334d7a322d44"}
,"D:\\projects\\qwer\\Heyoy-booking-backend\\src\\models\\clinic.js": {"path":"D:\\projects\\qwer\\Heyoy-booking-backend\\src\\models\\clinic.js","statementMap":{"0":{"start":{"line":2,"column":18},"end":{"line":2,"column":38}},"1":{"start":{"line":3,"column":0},"end":{"line":28,"column":2}},"2":{"start":{"line":11,"column":8},"end":{"line":11,"column":89}},"3":{"start":{"line":14,"column":2},"end":{"line":26,"column":4}},"4":{"start":{"line":27,"column":2},"end":{"line":27,"column":16}}},"fnMap":{"0":{"name":"(anonymous_0)","decl":{"start":{"line":3,"column":17},"end":{"line":3,"column":18}},"loc":{"start":{"line":3,"column":43},"end":{"line":28,"column":1}},"line":3},"1":{"name":"(anonymous_1)","decl":{"start":{"line":10,"column":4},"end":{"line":10,"column":5}},"loc":{"start":{"line":10,"column":29},"end":{"line":12,"column":5}},"line":10}},"branchMap":{},"s":{"0":4,"1":4,"2":4,"3":4,"4":4},"f":{"0":4,"1":4},"b":{},"_coverageSchema":"1a1c01bbd47fc00a2c39e90264f33305004495a9","hash":"4cab900682e52eeb1988d715437e41cd4429d46d"}
,"D:\\projects\\qwer\\Heyoy-booking-backend\\src\\models\\doctor_info.js": {"path":"D:\\projects\\qwer\\Heyoy-booking-backend\\src\\models\\doctor_info.js","statementMap":{"0":{"start":{"line":2,"column":18},"end":{"line":2,"column":38}},"1":{"start":{"line":3,"column":0},"end":{"line":41,"column":2}},"2":{"start":{"line":11,"column":12},"end":{"line":11,"column":92}},"3":{"start":{"line":13,"column":12},"end":{"line":13,"column":115}},"4":{"start":{"line":14,"column":12},"end":{"line":14,"column":121}},"5":{"start":{"line":15,"column":12},"end":{"line":15,"column":119}},"6":{"start":{"line":17,"column":12},"end":{"line":17,"column":121}},"7":{"start":{"line":19,"column":12},"end":{"line":19,"column":112}},"8":{"start":{"line":21,"column":12},"end":{"line":21,"column":76}},"9":{"start":{"line":24,"column":4},"end":{"line":39,"column":6}},"10":{"start":{"line":40,"column":4},"end":{"line":40,"column":23}}},"fnMap":{"0":{"name":"(anonymous_0)","decl":{"start":{"line":3,"column":17},"end":{"line":3,"column":18}},"loc":{"start":{"line":3,"column":43},"end":{"line":41,"column":1}},"line":3},"1":{"name":"(anonymous_1)","decl":{"start":{"line":10,"column":8},"end":{"line":10,"column":9}},"loc":{"start":{"line":10,"column":33},"end":{"line":22,"column":9}},"line":10}},"branchMap":{},"s":{"0":4,"1":4,"2":4,"3":4,"4":4,"5":4,"6":4,"7":4,"8":4,"9":4,"10":4},"f":{"0":4,"1":4},"b":{},"_coverageSchema":"1a1c01bbd47fc00a2c39e90264f33305004495a9","hash":"5c9378015967d22dd3f7d82af43dd3f50cd63bdc"}
,"D:\\projects\\qwer\\Heyoy-booking-backend\\src\\models\\history.js": {"path":"D:\\projects\\qwer\\Heyoy-booking-backend\\src\\models\\history.js","statementMap":{"0":{"start":{"line":2,"column":18},"end":{"line":2,"column":38}},"1":{"start":{"line":3,"column":0},"end":{"line":27,"column":2}},"2":{"start":{"line":14,"column":2},"end":{"line":25,"column":4}},"3":{"start":{"line":26,"column":2},"end":{"line":26,"column":17}}},"fnMap":{"0":{"name":"(anonymous_0)","decl":{"start":{"line":3,"column":17},"end":{"line":3,"column":18}},"loc":{"start":{"line":3,"column":43},"end":{"line":27,"column":1}},"line":3},"1":{"name":"(anonymous_1)","decl":{"start":{"line":10,"column":4},"end":{"line":10,"column":5}},"loc":{"start":{"line":10,"column":29},"end":{"line":12,"column":5}},"line":10}},"branchMap":{},"s":{"0":4,"1":4,"2":4,"3":4},"f":{"0":4,"1":4},"b":{},"_coverageSchema":"1a1c01bbd47fc00a2c39e90264f33305004495a9","hash":"26d5325b9a7f9cef65da69004317b9623f854457"}
,"D:\\projects\\qwer\\Heyoy-booking-backend\\src\\models\\index.js": {"path":"D:\\projects\\qwer\\Heyoy-booking-backend\\src\\models\\index.js","statementMap":{"0":{"start":{"line":2,"column":0},"end":{"line":2,"column":26}},"1":{"start":{"line":3,"column":11},"end":{"line":3,"column":24}},"2":{"start":{"line":4,"column":13},"end":{"line":4,"column":28}},"3":{"start":{"line":5,"column":18},"end":{"line":5,"column":38}},"4":{"start":{"line":6,"column":16},"end":{"line":6,"column":34}},"5":{"start":{"line":7,"column":17},"end":{"line":7,"column":42}},"6":{"start":{"line":8,"column":12},"end":{"line":8,"column":49}},"7":{"start":{"line":9,"column":15},"end":{"line":9,"column":65}},"8":{"start":{"line":10,"column":11},"end":{"line":10,"column":13}},"9":{"start":{"line":13,"column":0},"end":{"line":17,"column":1}},"10":{"start":{"line":14,"column":2},"end":{"line":14,"column":74}},"11":{"start":{"line":16,"column":2},"end":{"line":16,"column":87}},"12":{"start":{"line":19,"column":0},"end":{"line":32,"column":5}},"13":{"start":{"line":22,"column":4},"end":{"line":27,"column":6}},"14":{"start":{"line":30,"column":18},"end":{"line":30,"column":85}},"15":{"start":{"line":31,"column":4},"end":{"line":31,"column":27}},"16":{"start":{"line":34,"column":0},"end":{"line":38,"column":3}},"17":{"start":{"line":35,"column":2},"end":{"line":37,"column":3}},"18":{"start":{"line":36,"column":4},"end":{"line":36,"column":32}},"19":{"start":{"line":40,"column":0},"end":{"line":40,"column":25}},"20":{"start":{"line":41,"column":0},"end":{"line":41,"column":25}},"21":{"start":{"line":43,"column":0},"end":{"line":43,"column":20}}},"fnMap":{"0":{"name":"(anonymous_0)","decl":{"start":{"line":21,"column":10},"end":{"line":21,"column":11}},"loc":{"start":{"line":21,"column":18},"end":{"line":28,"column":3}},"line":21},"1":{"name":"(anonymous_1)","decl":{"start":{"line":29,"column":11},"end":{"line":29,"column":12}},"loc":{"start":{"line":29,"column":19},"end":{"line":32,"column":3}},"line":29},"2":{"name":"(anonymous_2)","decl":{"start":{"line":34,"column":24},"end":{"line":34,"column":25}},"loc":{"start":{"line":34,"column":37},"end":{"line":38,"column":1}},"line":34}},"branchMap":{"0":{"loc":{"start":{"line":8,"column":12},"end":{"line":8,"column":49}},"type":"binary-expr","locations":[{"start":{"line":8,"column":12},"end":{"line":8,"column":32}},{"start":{"line":8,"column":36},"end":{"line":8,"column":49}}],"line":8},"1":{"loc":{"start":{"line":13,"column":0},"end":{"line":17,"column":1}},"type":"if","locations":[{"start":{"line":13,"column":0},"end":{"line":17,"column":1}},{"start":{"line":15,"column":7},"end":{"line":17,"column":1}}],"line":13},"2":{"loc":{"start":{"line":23,"column":6},"end":{"line":26,"column":37}},"type":"binary-expr","locations":[{"start":{"line":23,"column":6},"end":{"line":23,"column":29}},{"start":{"line":24,"column":6},"end":{"line":24,"column":23}},{"start":{"line":25,"column":6},"end":{"line":25,"column":30}},{"start":{"line":26,"column":6},"end":{"line":26,"column":37}}],"line":23},"3":{"loc":{"start":{"line":35,"column":2},"end":{"line":37,"column":3}},"type":"if","locations":[{"start":{"line":35,"column":2},"end":{"line":37,"column":3}},{"start":{},"end":{}}],"line":35}},"s":{"0":4,"1":4,"2":4,"3":4,"4":4,"5":4,"6":4,"7":4,"8":4,"9":4,"10":0,"11":4,"12":4,"13":44,"14":40,"15":40,"16":4,"17":40,"18":40,"19":4,"20":4,"21":4},"f":{"0":44,"1":40,"2":40},"b":{"0":[4,0],"1":[0,4],"2":[44,44,40,40],"3":[40,0]},"_coverageSchema":"1a1c01bbd47fc00a2c39e90264f33305004495a9","hash":"a88f9b5b4a46de635b0c6bc522c703b39a32e8c0"}
,"D:\\projects\\qwer\\Heyoy-booking-backend\\src\\models\\markdown.js": {"path":"D:\\projects\\qwer\\Heyoy-booking-backend\\src\\models\\markdown.js","statementMap":{"0":{"start":{"line":2,"column":18},"end":{"line":2,"column":38}},"1":{"start":{"line":3,"column":0},"end":{"line":29,"column":2}},"2":{"start":{"line":11,"column":12},"end":{"line":11,"column":88}},"3":{"start":{"line":14,"column":4},"end":{"line":27,"column":6}},"4":{"start":{"line":28,"column":4},"end":{"line":28,"column":20}}},"fnMap":{"0":{"name":"(anonymous_0)","decl":{"start":{"line":3,"column":17},"end":{"line":3,"column":18}},"loc":{"start":{"line":3,"column":43},"end":{"line":29,"column":1}},"line":3},"1":{"name":"(anonymous_1)","decl":{"start":{"line":10,"column":8},"end":{"line":10,"column":9}},"loc":{"start":{"line":10,"column":33},"end":{"line":12,"column":9}},"line":10}},"branchMap":{},"s":{"0":4,"1":4,"2":4,"3":4,"4":4},"f":{"0":4,"1":4},"b":{},"_coverageSchema":"1a1c01bbd47fc00a2c39e90264f33305004495a9","hash":"d976aeb559c6546d0455ecc47fd43514f168f7de"}
,"D:\\projects\\qwer\\Heyoy-booking-backend\\src\\models\\patient_info.js": {"path":"D:\\projects\\qwer\\Heyoy-booking-backend\\src\\models\\patient_info.js","statementMap":{"0":{"start":{"line":2,"column":18},"end":{"line":2,"column":38}},"1":{"start":{"line":3,"column":0},"end":{"line":26,"column":2}},"2":{"start":{"line":11,"column":12},"end":{"line":11,"column":94}},"3":{"start":{"line":12,"column":12},"end":{"line":12,"column":78}},"4":{"start":{"line":15,"column":4},"end":{"line":24,"column":6}},"5":{"start":{"line":25,"column":4},"end":{"line":25,"column":24}}},"fnMap":{"0":{"name":"(anonymous_0)","decl":{"start":{"line":3,"column":17},"end":{"line":3,"column":18}},"loc":{"start":{"line":3,"column":43},"end":{"line":26,"column":1}},"line":3},"1":{"name":"(anonymous_1)","decl":{"start":{"line":10,"column":8},"end":{"line":10,"column":9}},"loc":{"start":{"line":10,"column":33},"end":{"line":13,"column":9}},"line":10}},"branchMap":{},"s":{"0":4,"1":4,"2":4,"3":4,"4":4,"5":4},"f":{"0":4,"1":4},"b":{},"_coverageSchema":"1a1c01bbd47fc00a2c39e90264f33305004495a9","hash":"29775b79909d63798600e7b56c44fb1d475ec3f8"}
,"D:\\projects\\qwer\\Heyoy-booking-backend\\src\\models\\schedule.js": {"path":"D:\\projects\\qwer\\Heyoy-booking-backend\\src\\models\\schedule.js","statementMap":{"0":{"start":{"line":2,"column":18},"end":{"line":2,"column":38}},"1":{"start":{"line":3,"column":0},"end":{"line":28,"column":2}},"2":{"start":{"line":11,"column":12},"end":{"line":11,"column":116}},"3":{"start":{"line":14,"column":4},"end":{"line":26,"column":6}},"4":{"start":{"line":27,"column":4},"end":{"line":27,"column":20}}},"fnMap":{"0":{"name":"(anonymous_0)","decl":{"start":{"line":3,"column":17},"end":{"line":3,"column":18}},"loc":{"start":{"line":3,"column":43},"end":{"line":28,"column":1}},"line":3},"1":{"name":"(anonymous_1)","decl":{"start":{"line":10,"column":8},"end":{"line":10,"column":9}},"loc":{"start":{"line":10,"column":33},"end":{"line":12,"column":9}},"line":10}},"branchMap":{},"s":{"0":4,"1":4,"2":4,"3":4,"4":4},"f":{"0":4,"1":4},"b":{},"_coverageSchema":"1a1c01bbd47fc00a2c39e90264f33305004495a9","hash":"6d97c10e1ad2589f3b93a299c0df1f979d73426e"}
,"D:\\projects\\qwer\\Heyoy-booking-backend\\src\\models\\specialty.js": {"path":"D:\\projects\\qwer\\Heyoy-booking-backend\\src\\models\\specialty.js","statementMap":{"0":{"start":{"line":2,"column":18},"end":{"line":2,"column":38}},"1":{"start":{"line":3,"column":0},"end":{"line":27,"column":2}},"2":{"start":{"line":11,"column":12},"end":{"line":11,"column":102}},"3":{"start":{"line":14,"column":4},"end":{"line":25,"column":6}},"4":{"start":{"line":26,"column":4},"end":{"line":26,"column":21}}},"fnMap":{"0":{"name":"(anonymous_0)","decl":{"start":{"line":3,"column":17},"end":{"line":3,"column":18}},"loc":{"start":{"line":3,"column":43},"end":{"line":27,"column":1}},"line":3},"1":{"name":"(anonymous_1)","decl":{"start":{"line":10,"column":8},"end":{"line":10,"column":9}},"loc":{"start":{"line":10,"column":33},"end":{"line":12,"column":9}},"line":10}},"branchMap":{},"s":{"0":4,"1":4,"2":4,"3":4,"4":4},"f":{"0":4,"1":4},"b":{},"_coverageSchema":"1a1c01bbd47fc00a2c39e90264f33305004495a9","hash":"4207faffb415baf709c74693f1184884957f55f7"}
,"D:\\projects\\qwer\\Heyoy-booking-backend\\src\\models\\user.js": {"path":"D:\\projects\\qwer\\Heyoy-booking-backend\\src\\models\\user.js","statementMap":{"0":{"start":{"line":2,"column":18},"end":{"line":2,"column":38}},"1":{"start":{"line":3,"column":0},"end":{"line":40,"column":2}},"2":{"start":{"line":11,"column":6},"end":{"line":11,"column":107}},"3":{"start":{"line":12,"column":6},"end":{"line":12,"column":101}},"4":{"start":{"line":13,"column":6},"end":{"line":13,"column":62}},"5":{"start":{"line":14,"column":6},"end":{"line":14,"column":65}},"6":{"start":{"line":15,"column":6},"end":{"line":15,"column":67}},"7":{"start":{"line":17,"column":6},"end":{"line":17,"column":85}},"8":{"start":{"line":20,"column":2},"end":{"line":38,"column":4}},"9":{"start":{"line":39,"column":2},"end":{"line":39,"column":14}}},"fnMap":{"0":{"name":"(anonymous_0)","decl":{"start":{"line":3,"column":17},"end":{"line":3,"column":18}},"loc":{"start":{"line":3,"column":43},"end":{"line":40,"column":1}},"line":3},"1":{"name":"(anonymous_1)","decl":{"start":{"line":10,"column":4},"end":{"line":10,"column":5}},"loc":{"start":{"line":10,"column":29},"end":{"line":18,"column":5}},"line":10}},"branchMap":{},"s":{"0":4,"1":4,"2":4,"3":4,"4":4,"5":4,"6":4,"7":4,"8":4,"9":4},"f":{"0":4,"1":4},"b":{},"_coverageSchema":"1a1c01bbd47fc00a2c39e90264f33305004495a9","hash":"6911353e92c9b5df526e4918fe9faea63de41b17"}
,"D:\\projects\\qwer\\Heyoy-booking-backend\\src\\services\\userService.js": {"path":"D:\\projects\\qwer\\Heyoy-booking-backend\\src\\services\\userService.js","statementMap":{"0":{"start":{"line":4,"column":15},"end":{"line":4,"column":35}},"1":{"start":{"line":6,"column":24},"end":{"line":35,"column":1}},"2":{"start":{"line":7,"column":4},"end":{"line":34,"column":7}},"3":{"start":{"line":8,"column":8},"end":{"line":33,"column":9}},"4":{"start":{"line":9,"column":27},"end":{"line":9,"column":29}},"5":{"start":{"line":10,"column":31},"end":{"line":10,"column":58}},"6":{"start":{"line":12,"column":12},"end":{"line":29,"column":13}},"7":{"start":{"line":13,"column":40},"end":{"line":13,"column":82}},"8":{"start":{"line":14,"column":16},"end":{"line":25,"column":17}},"9":{"start":{"line":15,"column":20},"end":{"line":15,"column":41}},"10":{"start":{"line":16,"column":20},"end":{"line":16,"column":44}},"11":{"start":{"line":17,"column":35},"end":{"line":20,"column":22}},"12":{"start":{"line":21,"column":20},"end":{"line":21,"column":45}},"13":{"start":{"line":23,"column":20},"end":{"line":23,"column":41}},"14":{"start":{"line":24,"column":20},"end":{"line":24,"column":62}},"15":{"start":{"line":27,"column":16},"end":{"line":27,"column":37}},"16":{"start":{"line":28,"column":16},"end":{"line":28,"column":76}},"17":{"start":{"line":30,"column":12},"end":{"line":30,"column":30}},"18":{"start":{"line":32,"column":12},"end":{"line":32,"column":26}},"19":{"start":{"line":37,"column":23},"end":{"line":54,"column":1}},"20":{"start":{"line":38,"column":4},"end":{"line":53,"column":7}},"21":{"start":{"line":39,"column":8},"end":{"line":52,"column":9}},"22":{"start":{"line":40,"column":31},"end":{"line":44,"column":14}},"23":{"start":{"line":45,"column":12},"end":{"line":49,"column":13}},"24":{"start":{"line":46,"column":16},"end":{"line":46,"column":30}},"25":{"start":{"line":48,"column":16},"end":{"line":48,"column":31}},"26":{"start":{"line":51,"column":12},"end":{"line":51,"column":26}},"27":{"start":{"line":56,"column":28},"end":{"line":70,"column":1}},"28":{"start":{"line":57,"column":4},"end":{"line":69,"column":7}},"29":{"start":{"line":58,"column":8},"end":{"line":68,"column":9}},"30":{"start":{"line":59,"column":27},"end":{"line":59,"column":77}},"31":{"start":{"line":60,"column":36},"end":{"line":60,"column":87}},"32":{"start":{"line":61,"column":12},"end":{"line":65,"column":13}},"33":{"start":{"line":62,"column":16},"end":{"line":62,"column":30}},"34":{"start":{"line":64,"column":16},"end":{"line":64,"column":31}},"35":{"start":{"line":67,"column":12},"end":{"line":67,"column":26}},"36":{"start":{"line":72,"column":14},"end":{"line":95,"column":1}},"37":{"start":{"line":73,"column":4},"end":{"line":94,"column":7}},"38":{"start":{"line":74,"column":8},"end":{"line":93,"column":9}},"39":{"start":{"line":75,"column":28},"end":{"line":75,"column":30}},"40":{"start":{"line":76,"column":12},"end":{"line":89,"column":13}},"41":{"start":{"line":77,"column":16},"end":{"line":81,"column":19}},"42":{"start":{"line":82,"column":19},"end":{"line":89,"column":13}},"43":{"start":{"line":83,"column":16},"end":{"line":88,"column":19}},"44":{"start":{"line":90,"column":12},"end":{"line":90,"column":31}},"45":{"start":{"line":92,"column":12},"end":{"line":92,"column":26}},"46":{"start":{"line":97,"column":20},"end":{"line":158,"column":1}},"47":{"start":{"line":98,"column":4},"end":{"line":157,"column":7}},"48":{"start":{"line":99,"column":8},"end":{"line":156,"column":9}},"49":{"start":{"line":100,"column":29},"end":{"line":111,"column":14}},"50":{"start":{"line":112,"column":12},"end":{"line":153,"column":13}},"51":{"start":{"line":114,"column":20},"end":{"line":114,"column":157}},"52":{"start":{"line":116,"column":35},"end":{"line":116,"column":67}},"53":{"start":{"line":117,"column":16},"end":{"line":147,"column":17}},"54":{"start":{"line":118,"column":20},"end":{"line":121,"column":23}},"55":{"start":{"line":122,"column":23},"end":{"line":147,"column":17}},"56":{"start":{"line":123,"column":20},"end":{"line":126,"column":23}},"57":{"start":{"line":128,"column":39},"end":{"line":128,"column":41}},"58":{"start":{"line":129,"column":47},"end":{"line":129,"column":95}},"59":{"start":{"line":130,"column":20},"end":{"line":142,"column":23}},"60":{"start":{"line":143,"column":20},"end":{"line":146,"column":23}},"61":{"start":{"line":149,"column":16},"end":{"line":152,"column":19}},"62":{"start":{"line":155,"column":12},"end":{"line":155,"column":26}},"63":{"start":{"line":160,"column":19},"end":{"line":195,"column":1}},"64":{"start":{"line":161,"column":4},"end":{"line":194,"column":7}},"65":{"start":{"line":162,"column":8},"end":{"line":193,"column":9}},"66":{"start":{"line":163,"column":23},"end":{"line":166,"column":14}},"67":{"start":{"line":167,"column":12},"end":{"line":190,"column":13}},"68":{"start":{"line":168,"column":16},"end":{"line":179,"column":19}},"69":{"start":{"line":180,"column":16},"end":{"line":180,"column":34}},"70":{"start":{"line":181,"column":16},"end":{"line":184,"column":19}},"71":{"start":{"line":186,"column":16},"end":{"line":189,"column":19}},"72":{"start":{"line":192,"column":12},"end":{"line":192,"column":26}},"73":{"start":{"line":197,"column":17},"end":{"line":217,"column":1}},"74":{"start":{"line":198,"column":4},"end":{"line":216,"column":7}},"75":{"start":{"line":199,"column":8},"end":{"line":215,"column":9}},"76":{"start":{"line":200,"column":23},"end":{"line":200,"column":67}},"77":{"start":{"line":201,"column":12},"end":{"line":212,"column":13}},"78":{"start":{"line":202,"column":16},"end":{"line":202,"column":61}},"79":{"start":{"line":203,"column":16},"end":{"line":206,"column":19}},"80":{"start":{"line":208,"column":16},"end":{"line":211,"column":19}},"81":{"start":{"line":214,"column":12},"end":{"line":214,"column":26}},"82":{"start":{"line":219,"column":25},"end":{"line":233,"column":1}},"83":{"start":{"line":220,"column":4},"end":{"line":232,"column":7}},"84":{"start":{"line":221,"column":8},"end":{"line":231,"column":9}},"85":{"start":{"line":222,"column":24},"end":{"line":224,"column":14}},"86":{"start":{"line":225,"column":12},"end":{"line":228,"column":15}},"87":{"start":{"line":230,"column":12},"end":{"line":230,"column":26}},"88":{"start":{"line":235,"column":15},"end":{"line":301,"column":1}},"89":{"start":{"line":236,"column":4},"end":{"line":300,"column":7}},"90":{"start":{"line":237,"column":8},"end":{"line":299,"column":9}},"91":{"start":{"line":238,"column":23},"end":{"line":238,"column":25}},"92":{"start":{"line":241,"column":34},"end":{"line":248,"column":14}},"93":{"start":{"line":249,"column":12},"end":{"line":254,"column":13}},"94":{"start":{"line":250,"column":16},"end":{"line":253,"column":18}},"95":{"start":{"line":257,"column":30},"end":{"line":264,"column":14}},"96":{"start":{"line":265,"column":12},"end":{"line":270,"column":13}},"97":{"start":{"line":266,"column":16},"end":{"line":269,"column":18}},"98":{"start":{"line":273,"column":30},"end":{"line":285,"column":14}},"99":{"start":{"line":286,"column":12},"end":{"line":291,"column":13}},"100":{"start":{"line":287,"column":16},"end":{"line":290,"column":18}},"101":{"start":{"line":293,"column":12},"end":{"line":296,"column":15}},"102":{"start":{"line":298,"column":12},"end":{"line":298,"column":26}},"103":{"start":{"line":303,"column":0},"end":{"line":311,"column":2}}},"fnMap":{"0":{"name":"(anonymous_0)","decl":{"start":{"line":6,"column":24},"end":{"line":6,"column":25}},"loc":{"start":{"line":6,"column":45},"end":{"line":35,"column":1}},"line":6},"1":{"name":"(anonymous_1)","decl":{"start":{"line":7,"column":23},"end":{"line":7,"column":24}},"loc":{"start":{"line":7,"column":50},"end":{"line":34,"column":5}},"line":7},"2":{"name":"(anonymous_2)","decl":{"start":{"line":37,"column":23},"end":{"line":37,"column":24}},"loc":{"start":{"line":37,"column":38},"end":{"line":54,"column":1}},"line":37},"3":{"name":"(anonymous_3)","decl":{"start":{"line":38,"column":23},"end":{"line":38,"column":24}},"loc":{"start":{"line":38,"column":50},"end":{"line":53,"column":5}},"line":38},"4":{"name":"(anonymous_4)","decl":{"start":{"line":56,"column":28},"end":{"line":56,"column":29}},"loc":{"start":{"line":56,"column":53},"end":{"line":70,"column":1}},"line":56},"5":{"name":"(anonymous_5)","decl":{"start":{"line":57,"column":23},"end":{"line":57,"column":24}},"loc":{"start":{"line":57,"column":50},"end":{"line":69,"column":5}},"line":57},"6":{"name":"(anonymous_6)","decl":{"start":{"line":72,"column":14},"end":{"line":72,"column":15}},"loc":{"start":{"line":72,"column":22},"end":{"line":95,"column":1}},"line":72},"7":{"name":"(anonymous_7)","decl":{"start":{"line":73,"column":23},"end":{"line":73,"column":24}},"loc":{"start":{"line":73,"column":50},"end":{"line":94,"column":5}},"line":73},"8":{"name":"(anonymous_8)","decl":{"start":{"line":97,"column":20},"end":{"line":97,"column":21}},"loc":{"start":{"line":97,"column":30},"end":{"line":158,"column":1}},"line":97},"9":{"name":"(anonymous_9)","decl":{"start":{"line":98,"column":23},"end":{"line":98,"column":24}},"loc":{"start":{"line":98,"column":50},"end":{"line":157,"column":5}},"line":98},"10":{"name":"(anonymous_10)","decl":{"start":{"line":160,"column":19},"end":{"line":160,"column":20}},"loc":{"start":{"line":160,"column":29},"end":{"line":195,"column":1}},"line":160},"11":{"name":"(anonymous_11)","decl":{"start":{"line":161,"column":23},"end":{"line":161,"column":24}},"loc":{"start":{"line":161,"column":50},"end":{"line":194,"column":5}},"line":161},"12":{"name":"(anonymous_12)","decl":{"start":{"line":197,"column":17},"end":{"line":197,"column":18}},"loc":{"start":{"line":197,"column":25},"end":{"line":217,"column":1}},"line":197},"13":{"name":"(anonymous_13)","decl":{"start":{"line":198,"column":23},"end":{"line":198,"column":24}},"loc":{"start":{"line":198,"column":50},"end":{"line":216,"column":5}},"line":198},"14":{"name":"(anonymous_14)","decl":{"start":{"line":219,"column":25},"end":{"line":219,"column":26}},"loc":{"start":{"line":219,"column":35},"end":{"line":233,"column":1}},"line":219},"15":{"name":"(anonymous_15)","decl":{"start":{"line":220,"column":23},"end":{"line":220,"column":24}},"loc":{"start":{"line":220,"column":50},"end":{"line":232,"column":5}},"line":220},"16":{"name":"(anonymous_16)","decl":{"start":{"line":235,"column":15},"end":{"line":235,"column":16}},"loc":{"start":{"line":235,"column":28},"end":{"line":301,"column":1}},"line":235},"17":{"name":"(anonymous_17)","decl":{"start":{"line":236,"column":23},"end":{"line":236,"column":24}},"loc":{"start":{"line":236,"column":50},"end":{"line":300,"column":5}},"line":236}},"branchMap":{"0":{"loc":{"start":{"line":12,"column":12},"end":{"line":29,"column":13}},"type":"if","locations":[{"start":{"line":12,"column":12},"end":{"line":29,"column":13}},{"start":{"line":26,"column":19},"end":{"line":29,"column":13}}],"line":12},"1":{"loc":{"start":{"line":14,"column":16},"end":{"line":25,"column":17}},"type":"if","locations":[{"start":{"line":14,"column":16},"end":{"line":25,"column":17}},{"start":{"line":22,"column":23},"end":{"line":25,"column":17}}],"line":14},"2":{"loc":{"start":{"line":45,"column":12},"end":{"line":49,"column":13}},"type":"if","locations":[{"start":{"line":45,"column":12},"end":{"line":49,"column":13}},{"start":{"line":47,"column":19},"end":{"line":49,"column":13}}],"line":45},"3":{"loc":{"start":{"line":61,"column":12},"end":{"line":65,"column":13}},"type":"if","locations":[{"start":{"line":61,"column":12},"end":{"line":65,"column":13}},{"start":{"line":63,"column":19},"end":{"line":65,"column":13}}],"line":61},"4":{"loc":{"start":{"line":76,"column":12},"end":{"line":89,"column":13}},"type":"if","locations":[{"start":{"line":76,"column":12},"end":{"line":89,"column":13}},{"start":{"line":82,"column":19},"end":{"line":89,"column":13}}],"line":76},"5":{"loc":{"start":{"line":76,"column":16},"end":{"line":76,"column":68}},"type":"binary-expr","locations":[{"start":{"line":76,"column":16},"end":{"line":76,"column":38}},{"start":{"line":76,"column":42},"end":{"line":76,"column":68}}],"line":76},"6":{"loc":{"start":{"line":82,"column":19},"end":{"line":89,"column":13}},"type":"if","locations":[{"start":{"line":82,"column":19},"end":{"line":89,"column":13}},{"start":{},"end":{}}],"line":82},"7":{"loc":{"start":{"line":112,"column":12},"end":{"line":153,"column":13}},"type":"if","locations":[{"start":{"line":112,"column":12},"end":{"line":153,"column":13}},{"start":{"line":148,"column":19},"end":{"line":153,"column":13}}],"line":112},"8":{"loc":{"start":{"line":117,"column":16},"end":{"line":147,"column":17}},"type":"if","locations":[{"start":{"line":117,"column":16},"end":{"line":147,"column":17}},{"start":{"line":122,"column":23},"end":{"line":147,"column":17}}],"line":117},"9":{"loc":{"start":{"line":122,"column":23},"end":{"line":147,"column":17}},"type":"if","locations":[{"start":{"line":122,"column":23},"end":{"line":147,"column":17}},{"start":{"line":127,"column":23},"end":{"line":147,"column":17}}],"line":122},"10":{"loc":{"start":{"line":167,"column":12},"end":{"line":190,"column":13}},"type":"if","locations":[{"start":{"line":167,"column":12},"end":{"line":190,"column":13}},{"start":{"line":185,"column":19},"end":{"line":190,"column":13}}],"line":167},"11":{"loc":{"start":{"line":201,"column":12},"end":{"line":212,"column":13}},"type":"if","locations":[{"start":{"line":201,"column":12},"end":{"line":212,"column":13}},{"start":{"line":207,"column":19},"end":{"line":212,"column":13}}],"line":201},"12":{"loc":{"start":{"line":244,"column":39},"end":{"line":244,"column":52}},"type":"binary-expr","locations":[{"start":{"line":244,"column":39},"end":{"line":244,"column":46}},{"start":{"line":244,"column":50},"end":{"line":244,"column":52}}],"line":244},"13":{"loc":{"start":{"line":249,"column":12},"end":{"line":254,"column":13}},"type":"if","locations":[{"start":{"line":249,"column":12},"end":{"line":254,"column":13}},{"start":{},"end":{}}],"line":249},"14":{"loc":{"start":{"line":260,"column":39},"end":{"line":260,"column":52}},"type":"binary-expr","locations":[{"start":{"line":260,"column":39},"end":{"line":260,"column":46}},{"start":{"line":260,"column":50},"end":{"line":260,"column":52}}],"line":260},"15":{"loc":{"start":{"line":265,"column":12},"end":{"line":270,"column":13}},"type":"if","locations":[{"start":{"line":265,"column":12},"end":{"line":270,"column":13}},{"start":{},"end":{}}],"line":265},"16":{"loc":{"start":{"line":276,"column":52},"end":{"line":276,"column":65}},"type":"binary-expr","locations":[{"start":{"line":276,"column":52},"end":{"line":276,"column":59}},{"start":{"line":276,"column":63},"end":{"line":276,"column":65}}],"line":276},"17":{"loc":{"start":{"line":277,"column":51},"end":{"line":277,"column":64}},"type":"binary-expr","locations":[{"start":{"line":277,"column":51},"end":{"line":277,"column":58}},{"start":{"line":277,"column":62},"end":{"line":277,"column":64}}],"line":277},"18":{"loc":{"start":{"line":286,"column":12},"end":{"line":291,"column":13}},"type":"if","locations":[{"start":{"line":286,"column":12},"end":{"line":291,"column":13}},{"start":{},"end":{}}],"line":286}},"s":{"0":4,"1":4,"2":0,"3":0,"4":0,"5":0,"6":0,"7":0,"8":0,"9":0,"10":0,"11":0,"12":0,"13":0,"14":0,"15":0,"16":0,"17":0,"18":0,"19":4,"20":0,"21":0,"22":0,"23":0,"24":0,"25":0,"26":0,"27":4,"28":0,"29":0,"30":0,"31":0,"32":0,"33":0,"34":0,"35":0,"36":4,"37":0,"38":0,"39":0,"40":0,"41":0,"42":0,"43":0,"44":0,"45":0,"46":4,"47":0,"48":0,"49":0,"50":0,"51":0,"52":0,"53":0,"54":0,"55":0,"56":0,"57":0,"58":0,"59":0,"60":0,"61":0,"62":0,"63":4,"64":0,"65":0,"66":0,"67":0,"68":0,"69":0,"70":0,"71":0,"72":0,"73":4,"74":0,"75":0,"76":0,"77":0,"78":0,"79":0,"80":0,"81":0,"82":4,"83":0,"84":0,"85":0,"86":0,"87":0,"88":4,"89":0,"90":0,"91":0,"92":0,"93":0,"94":0,"95":0,"96":0,"97":0,"98":0,"99":0,"100":0,"101":0,"102":0,"103":4},"f":{"0":0,"1":0,"2":0,"3":0,"4":0,"5":0,"6":0,"7":0,"8":0,"9":0,"10":0,"11":0,"12":0,"13":0,"14":0,"15":0,"16":0,"17":0},"b":{"0":[0,0],"1":[0,0],"2":[0,0],"3":[0,0],"4":[0,0],"5":[0,0],"6":[0,0],"7":[0,0],"8":[0,0],"9":[0,0],"10":[0,0],"11":[0,0],"12":[0,0],"13":[0,0],"14":[0,0],"15":[0,0],"16":[0,0],"17":[0,0],"18":[0,0]},"_coverageSchema":"1a1c01bbd47fc00a2c39e90264f33305004495a9","hash":"0d6d3b7a193029931ff8df87454a91aa9b7e2416"}
,"D:\\projects\\qwer\\Heyoy-booking-backend\\src\\util\\commonUtil.js": {"path":"D:\\projects\\qwer\\Heyoy-booking-backend\\src\\util\\commonUtil.js","statementMap":{"0":{"start":{"line":1,"column":31},"end":{"line":38,"column":1}},"1":{"start":{"line":2,"column":16},"end":{"line":2,"column":33}},"2":{"start":{"line":3,"column":25},"end":{"line":3,"column":27}},"3":{"start":{"line":4,"column":18},"end":{"line":4,"column":22}},"4":{"start":{"line":5,"column":4},"end":{"line":25,"column":5}},"5":{"start":{"line":6,"column":8},"end":{"line":19,"column":9}},"6":{"start":{"line":6,"column":21},"end":{"line":6,"column":22}},"7":{"start":{"line":7,"column":12},"end":{"line":18,"column":13}},"8":{"start":{"line":8,"column":16},"end":{"line":8,"column":42}},"9":{"start":{"line":9,"column":16},"end":{"line":9,"column":32}},"10":{"start":{"line":10,"column":16},"end":{"line":10,"column":22}},"11":{"start":{"line":12,"column":28},"end":{"line":12,"column":51}},"12":{"start":{"line":13,"column":16},"end":{"line":17,"column":17}},"13":{"start":{"line":14,"column":20},"end":{"line":14,"column":46}},"14":{"start":{"line":15,"column":20},"end":{"line":15,"column":36}},"15":{"start":{"line":16,"column":20},"end":{"line":16,"column":26}},"16":{"start":{"line":21,"column":8},"end":{"line":24,"column":10}},"17":{"start":{"line":26,"column":4},"end":{"line":32,"column":5}},"18":{"start":{"line":26,"column":17},"end":{"line":26,"column":18}},"19":{"start":{"line":27,"column":8},"end":{"line":31,"column":9}},"20":{"start":{"line":28,"column":12},"end":{"line":28,"column":38}},"21":{"start":{"line":29,"column":12},"end":{"line":29,"column":28}},"22":{"start":{"line":30,"column":12},"end":{"line":30,"column":18}},"23":{"start":{"line":34,"column":4},"end":{"line":37,"column":6}},"24":{"start":{"line":40,"column":31},"end":{"line":47,"column":1}},"25":{"start":{"line":42,"column":8},"end":{"line":42,"column":145}},"26":{"start":{"line":43,"column":4},"end":{"line":45,"column":5}},"27":{"start":{"line":44,"column":8},"end":{"line":44,"column":20}},"28":{"start":{"line":46,"column":4},"end":{"line":46,"column":17}}},"fnMap":{"0":{"name":"(anonymous_0)","decl":{"start":{"line":1,"column":31},"end":{"line":1,"column":32}},"loc":{"start":{"line":1,"column":53},"end":{"line":38,"column":1}},"line":1},"1":{"name":"(anonymous_1)","decl":{"start":{"line":40,"column":31},"end":{"line":40,"column":32}},"loc":{"start":{"line":40,"column":42},"end":{"line":47,"column":1}},"line":40}},"branchMap":{"0":{"loc":{"start":{"line":5,"column":4},"end":{"line":25,"column":5}},"type":"if","locations":[{"start":{"line":5,"column":4},"end":{"line":25,"column":5}},{"start":{},"end":{}}],"line":5},"1":{"loc":{"start":{"line":7,"column":12},"end":{"line":18,"column":13}},"type":"if","locations":[{"start":{"line":7,"column":12},"end":{"line":18,"column":13}},{"start":{"line":11,"column":19},"end":{"line":18,"column":13}}],"line":7},"2":{"loc":{"start":{"line":13,"column":16},"end":{"line":17,"column":17}},"type":"if","locations":[{"start":{"line":13,"column":16},"end":{"line":17,"column":17}},{"start":{},"end":{}}],"line":13},"3":{"loc":{"start":{"line":27,"column":8},"end":{"line":31,"column":9}},"type":"if","locations":[{"start":{"line":27,"column":8},"end":{"line":31,"column":9}},{"start":{},"end":{}}],"line":27},"4":{"loc":{"start":{"line":43,"column":4},"end":{"line":45,"column":5}},"type":"if","locations":[{"start":{"line":43,"column":4},"end":{"line":45,"column":5}},{"start":{},"end":{}}],"line":43}},"s":{"0":4,"1":0,"2":0,"3":0,"4":0,"5":0,"6":0,"7":0,"8":0,"9":0,"10":0,"11":0,"12":0,"13":0,"14":0,"15":0,"16":0,"17":0,"18":0,"19":0,"20":0,"21":0,"22":0,"23":0,"24":4,"25":0,"26":0,"27":0,"28":0},"f":{"0":0,"1":0},"b":{"0":[0,0],"1":[0,0],"2":[0,0],"3":[0,0],"4":[0,0]},"_coverageSchema":"1a1c01bbd47fc00a2c39e90264f33305004495a9","hash":"92bad87dcc1ccf3244d8814d1f0a9d9b2d8f829d"}
}
