TN:
SF:src\controllers\userController.js
FN:3,(anonymous_0)
FN:25,(anonymous_1)
FN:49,(anonymous_2)
FN:62,(anonymous_3)
FN:81,(anonymous_4)
FN:101,(anonymous_5)
FN:122,(anonymous_6)
FNF:7
FNH:4
FNDA:0,(anonymous_0)
FNDA:3,(anonymous_1)
FNDA:3,(anonymous_2)
FNDA:3,(anonymous_3)
FNDA:3,(anonymous_4)
FNDA:0,(anonymous_5)
FNDA:0,(anonymous_6)
DA:3,4
DA:4,0
DA:5,0
DA:6,0
DA:8,0
DA:9,0
DA:15,0
DA:16,0
DA:18,0
DA:25,4
DA:26,3
DA:27,3
DA:28,3
DA:29,1
DA:35,2
DA:36,1
DA:42,1
DA:49,4
DA:50,3
DA:51,3
DA:52,3
DA:53,2
DA:55,1
DA:62,4
DA:63,3
DA:64,3
DA:65,3
DA:66,1
DA:71,2
DA:72,1
DA:74,1
DA:81,4
DA:82,3
DA:83,3
DA:85,3
DA:86,1
DA:91,2
DA:92,1
DA:94,1
DA:101,4
DA:102,0
DA:103,0
DA:104,0
DA:105,0
DA:106,0
DA:108,0
DA:112,0
DA:115,0
DA:122,4
DA:123,0
DA:124,0
DA:125,0
DA:126,0
DA:127,0
DA:129,0
DA:135,0
DA:142,4
LF:57
LH:34
BRDA:8,0,0,0
BRDA:8,0,1,0
BRDA:8,1,0,0
BRDA:8,1,1,0
BRDA:28,2,0,1
BRDA:28,2,1,2
BRDA:65,3,0,1
BRDA:65,3,1,2
BRDA:85,4,0,1
BRDA:85,4,1,2
BRDA:104,5,0,0
BRDA:104,5,1,0
BRDA:125,6,0,0
BRDA:125,6,1,0
BRF:14
BRH:6
end_of_record
TN:
SF:src\models\allcode.js
FN:3,(anonymous_0)
FN:10,(anonymous_1)
FNF:2
FNH:2
FNDA:4,(anonymous_0)
FNDA:4,(anonymous_1)
DA:2,4
DA:3,4
DA:11,4
DA:12,4
DA:13,4
DA:15,4
DA:16,4
DA:17,4
DA:19,4
DA:20,4
DA:23,4
DA:35,4
LF:12
LH:12
BRF:0
BRH:0
end_of_record
TN:
SF:src\models\booking.js
FN:3,(anonymous_0)
FN:10,(anonymous_1)
FNF:2
FNH:2
FNDA:4,(anonymous_0)
FNDA:4,(anonymous_1)
DA:2,4
DA:3,4
DA:11,4
DA:12,4
DA:13,4
DA:14,4
DA:16,4
DA:19,4
DA:34,4
LF:9
LH:9
BRF:0
BRH:0
end_of_record
TN:
SF:src\models\clinic.js
FN:3,(anonymous_0)
FN:10,(anonymous_1)
FNF:2
FNH:2
FNDA:4,(anonymous_0)
FNDA:4,(anonymous_1)
DA:2,4
DA:3,4
DA:11,4
DA:14,4
DA:27,4
LF:5
LH:5
BRF:0
BRH:0
end_of_record
TN:
SF:src\models\doctor_info.js
FN:3,(anonymous_0)
FN:10,(anonymous_1)
FNF:2
FNH:2
FNDA:4,(anonymous_0)
FNDA:4,(anonymous_1)
DA:2,4
DA:3,4
DA:11,4
DA:13,4
DA:14,4
DA:15,4
DA:17,4
DA:19,4
DA:21,4
DA:24,4
DA:40,4
LF:11
LH:11
BRF:0
BRH:0
end_of_record
TN:
SF:src\models\history.js
FN:3,(anonymous_0)
FN:10,(anonymous_1)
FNF:2
FNH:2
FNDA:4,(anonymous_0)
FNDA:4,(anonymous_1)
DA:2,4
DA:3,4
DA:14,4
DA:26,4
LF:4
LH:4
BRF:0
BRH:0
end_of_record
TN:
SF:src\models\index.js
FN:21,(anonymous_0)
FN:29,(anonymous_1)
FN:34,(anonymous_2)
FNF:3
FNH:3
FNDA:44,(anonymous_0)
FNDA:40,(anonymous_1)
FNDA:40,(anonymous_2)
DA:2,4
DA:3,4
DA:4,4
DA:5,4
DA:6,4
DA:7,4
DA:8,4
DA:9,4
DA:10,4
DA:13,4
DA:14,0
DA:16,4
DA:19,4
DA:22,44
DA:30,40
DA:31,40
DA:34,4
DA:35,40
DA:36,40
DA:40,4
DA:41,4
DA:43,4
LF:22
LH:21
BRDA:8,0,0,4
BRDA:8,0,1,0
BRDA:13,1,0,0
BRDA:13,1,1,4
BRDA:23,2,0,44
BRDA:23,2,1,44
BRDA:23,2,2,40
BRDA:23,2,3,40
BRDA:35,3,0,40
BRDA:35,3,1,0
BRF:10
BRH:7
end_of_record
TN:
SF:src\models\markdown.js
FN:3,(anonymous_0)
FN:10,(anonymous_1)
FNF:2
FNH:2
FNDA:4,(anonymous_0)
FNDA:4,(anonymous_1)
DA:2,4
DA:3,4
DA:11,4
DA:14,4
DA:28,4
LF:5
LH:5
BRF:0
BRH:0
end_of_record
TN:
SF:src\models\patient_info.js
FN:3,(anonymous_0)
FN:10,(anonymous_1)
FNF:2
FNH:2
FNDA:4,(anonymous_0)
FNDA:4,(anonymous_1)
DA:2,4
DA:3,4
DA:11,4
DA:12,4
DA:15,4
DA:25,4
LF:6
LH:6
BRF:0
BRH:0
end_of_record
TN:
SF:src\models\schedule.js
FN:3,(anonymous_0)
FN:10,(anonymous_1)
FNF:2
FNH:2
FNDA:4,(anonymous_0)
FNDA:4,(anonymous_1)
DA:2,4
DA:3,4
DA:11,4
DA:14,4
DA:27,4
LF:5
LH:5
BRF:0
BRH:0
end_of_record
TN:
SF:src\models\specialty.js
FN:3,(anonymous_0)
FN:10,(anonymous_1)
FNF:2
FNH:2
FNDA:4,(anonymous_0)
FNDA:4,(anonymous_1)
DA:2,4
DA:3,4
DA:11,4
DA:14,4
DA:26,4
LF:5
LH:5
BRF:0
BRH:0
end_of_record
TN:
SF:src\models\user.js
FN:3,(anonymous_0)
FN:10,(anonymous_1)
FNF:2
FNH:2
FNDA:4,(anonymous_0)
FNDA:4,(anonymous_1)
DA:2,4
DA:3,4
DA:11,4
DA:12,4
DA:13,4
DA:14,4
DA:15,4
DA:17,4
DA:20,4
DA:39,4
LF:10
LH:10
BRF:0
BRH:0
end_of_record
TN:
SF:src\services\userService.js
FN:6,(anonymous_0)
FN:7,(anonymous_1)
FN:37,(anonymous_2)
FN:38,(anonymous_3)
FN:56,(anonymous_4)
FN:57,(anonymous_5)
FN:72,(anonymous_6)
FN:73,(anonymous_7)
FN:97,(anonymous_8)
FN:98,(anonymous_9)
FN:160,(anonymous_10)
FN:161,(anonymous_11)
FN:197,(anonymous_12)
FN:198,(anonymous_13)
FN:219,(anonymous_14)
FN:220,(anonymous_15)
FN:235,(anonymous_16)
FN:236,(anonymous_17)
FNF:18
FNH:0
FNDA:0,(anonymous_0)
FNDA:0,(anonymous_1)
FNDA:0,(anonymous_2)
FNDA:0,(anonymous_3)
FNDA:0,(anonymous_4)
FNDA:0,(anonymous_5)
FNDA:0,(anonymous_6)
FNDA:0,(anonymous_7)
FNDA:0,(anonymous_8)
FNDA:0,(anonymous_9)
FNDA:0,(anonymous_10)
FNDA:0,(anonymous_11)
FNDA:0,(anonymous_12)
FNDA:0,(anonymous_13)
FNDA:0,(anonymous_14)
FNDA:0,(anonymous_15)
FNDA:0,(anonymous_16)
FNDA:0,(anonymous_17)
DA:4,4
DA:6,4
DA:7,0
DA:8,0
DA:9,0
DA:10,0
DA:12,0
DA:13,0
DA:14,0
DA:15,0
DA:16,0
DA:17,0
DA:21,0
DA:23,0
DA:24,0
DA:27,0
DA:28,0
DA:30,0
DA:32,0
DA:37,4
DA:38,0
DA:39,0
DA:40,0
DA:45,0
DA:46,0
DA:48,0
DA:51,0
DA:56,4
DA:57,0
DA:58,0
DA:59,0
DA:60,0
DA:61,0
DA:62,0
DA:64,0
DA:67,0
DA:72,4
DA:73,0
DA:74,0
DA:75,0
DA:76,0
DA:77,0
DA:82,0
DA:83,0
DA:90,0
DA:92,0
DA:97,4
DA:98,0
DA:99,0
DA:100,0
DA:112,0
DA:114,0
DA:116,0
DA:117,0
DA:118,0
DA:122,0
DA:123,0
DA:128,0
DA:129,0
DA:130,0
DA:143,0
DA:149,0
DA:155,0
DA:160,4
DA:161,0
DA:162,0
DA:163,0
DA:167,0
DA:168,0
DA:180,0
DA:181,0
DA:186,0
DA:192,0
DA:197,4
DA:198,0
DA:199,0
DA:200,0
DA:201,0
DA:202,0
DA:203,0
DA:208,0
DA:214,0
DA:219,4
DA:220,0
DA:221,0
DA:222,0
DA:225,0
DA:230,0
DA:235,4
DA:236,0
DA:237,0
DA:238,0
DA:241,0
DA:249,0
DA:250,0
DA:257,0
DA:265,0
DA:266,0
DA:273,0
DA:286,0
DA:287,0
DA:293,0
DA:298,0
DA:303,4
LF:104
LH:11
BRDA:12,0,0,0
BRDA:12,0,1,0
BRDA:14,1,0,0
BRDA:14,1,1,0
BRDA:45,2,0,0
BRDA:45,2,1,0
BRDA:61,3,0,0
BRDA:61,3,1,0
BRDA:76,4,0,0
BRDA:76,4,1,0
BRDA:76,5,0,0
BRDA:76,5,1,0
BRDA:82,6,0,0
BRDA:82,6,1,0
BRDA:112,7,0,0
BRDA:112,7,1,0
BRDA:117,8,0,0
BRDA:117,8,1,0
BRDA:122,9,0,0
BRDA:122,9,1,0
BRDA:167,10,0,0
BRDA:167,10,1,0
BRDA:201,11,0,0
BRDA:201,11,1,0
BRDA:244,12,0,0
BRDA:244,12,1,0
BRDA:249,13,0,0
BRDA:249,13,1,0
BRDA:260,14,0,0
BRDA:260,14,1,0
BRDA:265,15,0,0
BRDA:265,15,1,0
BRDA:276,16,0,0
BRDA:276,16,1,0
BRDA:277,17,0,0
BRDA:277,17,1,0
BRDA:286,18,0,0
BRDA:286,18,1,0
BRF:38
BRH:0
end_of_record
TN:
SF:src\util\commonUtil.js
FN:1,(anonymous_0)
FN:40,(anonymous_1)
FNF:2
FNH:0
FNDA:0,(anonymous_0)
FNDA:0,(anonymous_1)
DA:1,4
DA:2,0
DA:3,0
DA:4,0
DA:5,0
DA:6,0
DA:7,0
DA:8,0
DA:9,0
DA:10,0
DA:12,0
DA:13,0
DA:14,0
DA:15,0
DA:16,0
DA:21,0
DA:26,0
DA:27,0
DA:28,0
DA:29,0
DA:30,0
DA:34,0
DA:40,4
DA:42,0
DA:43,0
DA:44,0
DA:46,0
LF:27
LH:2
BRDA:5,0,0,0
BRDA:5,0,1,0
BRDA:7,1,0,0
BRDA:7,1,1,0
BRDA:13,2,0,0
BRDA:13,2,1,0
BRDA:27,3,0,0
BRDA:27,3,1,0
BRDA:43,4,0,0
BRDA:43,4,1,0
BRF:10
BRH:0
end_of_record
